<testsuites id="" name="" tests="96" failures="3" skipped="93" errors="0" time="49.634766">
<testsuite name="facility-search-e2e.spec.ts" timestamp="2025-08-05T08:08:38.680Z" hostname="chromium" tests="12" failures="3" skipped="9" time="120.336" errors="0">
<testcase name="시설찾기 페이지 › 페이지가 올바로 로드되는지 확인" classname="facility-search-e2e.spec.ts" time="30.405">
<failure message="facility-search-e2e.spec.ts:22:3 페이지가 올바로 로드되는지 확인" type="FAILURE">
<![CDATA[  [chromium] › facility-search-e2e.spec.ts:22:3 › 시설찾기 페이지 › 페이지가 올바로 로드되는지 확인 ─────────────────────

    Test timeout of 30000ms exceeded while running "beforeEach" hook.

       6 |
       7 | test.describe('시설찾기 페이지', () => {
    >  8 |   test.beforeEach(async ({ page }) => {
         |        ^
       9 |     // 테스트 사용자로 로그인
      10 |     await page.goto('/login');
      11 |     await page.fill('[data-testid="email-input"]', 'test.domestic@example.com');
        at /mnt/c/Users/human-10/elderberry/frontend/tests/facility-search-e2e.spec.ts:8:8

    Error: page.fill: Test timeout of 30000ms exceeded.
    Call log:
      - waiting for locator('[data-testid="email-input"]')


       9 |     // 테스트 사용자로 로그인
      10 |     await page.goto('/login');
    > 11 |     await page.fill('[data-testid="email-input"]', 'test.domestic@example.com');
         |                ^
      12 |     await page.fill('[data-testid="password-input"]', 'Password123!');
      13 |     await page.click('[data-testid="login-button"]');
      14 |     
        at /mnt/c/Users/human-10/elderberry/frontend/tests/facility-search-e2e.spec.ts:11:16

    attachment #1: screenshot (image/png) ──────────────────────────────────────────────────────────
    ../test-results/facility-search-e2e-시설찾기-페이지-페이지가-올바로-로드되는지-확인-chromium/test-failed-1.png
    ────────────────────────────────────────────────────────────────────────────────────────────────

    attachment #2: video (video/webm) ──────────────────────────────────────────────────────────────
    ../test-results/facility-search-e2e-시설찾기-페이지-페이지가-올바로-로드되는지-확인-chromium/video.webm
    ────────────────────────────────────────────────────────────────────────────────────────────────

    Error Context: ../test-results/facility-search-e2e-시설찾기-페이지-페이지가-올바로-로드되는지-확인-chromium/error-context.md
]]>
</failure>
<system-out>
<![CDATA[
[[ATTACHMENT|test-results/facility-search-e2e-시설찾기-페이지-페이지가-올바로-로드되는지-확인-chromium/test-failed-1.png]]

[[ATTACHMENT|test-results/facility-search-e2e-시설찾기-페이지-페이지가-올바로-로드되는지-확인-chromium/video.webm]]

[[ATTACHMENT|test-results/facility-search-e2e-시설찾기-페이지-페이지가-올바로-로드되는지-확인-chromium/error-context.md]]
]]>
</system-out>
</testcase>
<testcase name="시설찾기 페이지 › 검색 기능이 정상 작동하는지 확인" classname="facility-search-e2e.spec.ts" time="30.479">
<failure message="facility-search-e2e.spec.ts:34:3 검색 기능이 정상 작동하는지 확인" type="FAILURE">
<![CDATA[  [chromium] › facility-search-e2e.spec.ts:34:3 › 시설찾기 페이지 › 검색 기능이 정상 작동하는지 확인 ────────────────────

    Test timeout of 30000ms exceeded while running "beforeEach" hook.

       6 |
       7 | test.describe('시설찾기 페이지', () => {
    >  8 |   test.beforeEach(async ({ page }) => {
         |        ^
       9 |     // 테스트 사용자로 로그인
      10 |     await page.goto('/login');
      11 |     await page.fill('[data-testid="email-input"]', 'test.domestic@example.com');
        at /mnt/c/Users/human-10/elderberry/frontend/tests/facility-search-e2e.spec.ts:8:8

    Error: page.fill: Test timeout of 30000ms exceeded.
    Call log:
      - waiting for locator('[data-testid="email-input"]')


       9 |     // 테스트 사용자로 로그인
      10 |     await page.goto('/login');
    > 11 |     await page.fill('[data-testid="email-input"]', 'test.domestic@example.com');
         |                ^
      12 |     await page.fill('[data-testid="password-input"]', 'Password123!');
      13 |     await page.click('[data-testid="login-button"]');
      14 |     
        at /mnt/c/Users/human-10/elderberry/frontend/tests/facility-search-e2e.spec.ts:11:16

    attachment #1: screenshot (image/png) ──────────────────────────────────────────────────────────
    ../test-results/facility-search-e2e-시설찾기-페이지-검색-기능이-정상-작동하는지-확인-chromium/test-failed-1.png
    ────────────────────────────────────────────────────────────────────────────────────────────────

    attachment #2: video (video/webm) ──────────────────────────────────────────────────────────────
    ../test-results/facility-search-e2e-시설찾기-페이지-검색-기능이-정상-작동하는지-확인-chromium/video.webm
    ────────────────────────────────────────────────────────────────────────────────────────────────

    Error Context: ../test-results/facility-search-e2e-시설찾기-페이지-검색-기능이-정상-작동하는지-확인-chromium/error-context.md
]]>
</failure>
<system-out>
<![CDATA[
[[ATTACHMENT|test-results/facility-search-e2e-시설찾기-페이지-검색-기능이-정상-작동하는지-확인-chromium/test-failed-1.png]]

[[ATTACHMENT|test-results/facility-search-e2e-시설찾기-페이지-검색-기능이-정상-작동하는지-확인-chromium/video.webm]]

[[ATTACHMENT|test-results/facility-search-e2e-시설찾기-페이지-검색-기능이-정상-작동하는지-확인-chromium/error-context.md]]
]]>
</system-out>
</testcase>
<testcase name="시설찾기 페이지 › 필터 기능이 정상 작동하는지 확인" classname="facility-search-e2e.spec.ts" time="29.054">
<skipped>
</skipped>
</testcase>
<testcase name="시설찾기 페이지 › 맞춤 추천 탭이 정상 작동하는지 확인" classname="facility-search-e2e.spec.ts" time="30.398">
<failure message="facility-search-e2e.spec.ts:75:3 맞춤 추천 탭이 정상 작동하는지 확인" type="FAILURE">
<![CDATA[  [chromium] › facility-search-e2e.spec.ts:75:3 › 시설찾기 페이지 › 맞춤 추천 탭이 정상 작동하는지 확인 ──────────────────

    Test timeout of 30000ms exceeded while running "beforeEach" hook.

       6 |
       7 | test.describe('시설찾기 페이지', () => {
    >  8 |   test.beforeEach(async ({ page }) => {
         |        ^
       9 |     // 테스트 사용자로 로그인
      10 |     await page.goto('/login');
      11 |     await page.fill('[data-testid="email-input"]', 'test.domestic@example.com');
        at /mnt/c/Users/human-10/elderberry/frontend/tests/facility-search-e2e.spec.ts:8:8

    Error: page.fill: Test timeout of 30000ms exceeded.
    Call log:
      - waiting for locator('[data-testid="email-input"]')


       9 |     // 테스트 사용자로 로그인
      10 |     await page.goto('/login');
    > 11 |     await page.fill('[data-testid="email-input"]', 'test.domestic@example.com');
         |                ^
      12 |     await page.fill('[data-testid="password-input"]', 'Password123!');
      13 |     await page.click('[data-testid="login-button"]');
      14 |     
        at /mnt/c/Users/human-10/elderberry/frontend/tests/facility-search-e2e.spec.ts:11:16

    attachment #1: screenshot (image/png) ──────────────────────────────────────────────────────────
    ../test-results/facility-search-e2e-시설찾기-페이지-맞춤-추천-탭이-정상-작동하는지-확인-chromium/test-failed-1.png
    ────────────────────────────────────────────────────────────────────────────────────────────────

    attachment #2: video (video/webm) ──────────────────────────────────────────────────────────────
    ../test-results/facility-search-e2e-시설찾기-페이지-맞춤-추천-탭이-정상-작동하는지-확인-chromium/video.webm
    ────────────────────────────────────────────────────────────────────────────────────────────────

    Error Context: ../test-results/facility-search-e2e-시설찾기-페이지-맞춤-추천-탭이-정상-작동하는지-확인-chromium/error-context.md
]]>
</failure>
<system-out>
<![CDATA[
[[ATTACHMENT|test-results/facility-search-e2e-시설찾기-페이지-맞춤-추천-탭이-정상-작동하는지-확인-chromium/test-failed-1.png]]

[[ATTACHMENT|test-results/facility-search-e2e-시설찾기-페이지-맞춤-추천-탭이-정상-작동하는지-확인-chromium/video.webm]]

[[ATTACHMENT|test-results/facility-search-e2e-시설찾기-페이지-맞춤-추천-탭이-정상-작동하는지-확인-chromium/error-context.md]]
]]>
</system-out>
</testcase>
<testcase name="시설찾기 페이지 › 보기 모드 전환이 정상 작동하는지 확인" classname="facility-search-e2e.spec.ts" time="0">
<skipped>
</skipped>
</testcase>
<testcase name="시설찾기 페이지 › 에러 상태에서 복구가 가능한지 확인" classname="facility-search-e2e.spec.ts" time="0">
<skipped>
</skipped>
</testcase>
<testcase name="시설찾기 페이지 › 키보드 접근성이 올바로 구현되어 있는지 확인" classname="facility-search-e2e.spec.ts" time="0">
<skipped>
</skipped>
</testcase>
<testcase name="시설찾기 페이지 › 응답성 및 모바일 뷰가 올바로 작동하는지 확인" classname="facility-search-e2e.spec.ts" time="0">
<skipped>
</skipped>
</testcase>
<testcase name="시설찾기 페이지 › 성능 및 로딩 시간 확인" classname="facility-search-e2e.spec.ts" time="0">
<skipped>
</skipped>
</testcase>
<testcase name="시설찾기 에러 처리 › useLinearTheme 무한 루프 에러가 해결되었는지 확인" classname="facility-search-e2e.spec.ts" time="0">
<skipped>
</skipped>
</testcase>
<testcase name="시설찾기 에러 처리 › API 에러가 올바로 처리되는지 확인" classname="facility-search-e2e.spec.ts" time="0">
<skipped>
</skipped>
</testcase>
<testcase name="시설찾기 에러 처리 › 네트워크 연결 문제 처리 확인" classname="facility-search-e2e.spec.ts" time="0">
<skipped>
</skipped>
</testcase>
</testsuite>
<testsuite name="facility-search-e2e.spec.ts" timestamp="2025-08-05T08:08:38.680Z" hostname="firefox" tests="12" failures="0" skipped="12" time="0" errors="0">
<testcase name="시설찾기 페이지 › 페이지가 올바로 로드되는지 확인" classname="facility-search-e2e.spec.ts" time="0">
<skipped>
</skipped>
</testcase>
<testcase name="시설찾기 페이지 › 검색 기능이 정상 작동하는지 확인" classname="facility-search-e2e.spec.ts" time="0">
<skipped>
</skipped>
</testcase>
<testcase name="시설찾기 페이지 › 필터 기능이 정상 작동하는지 확인" classname="facility-search-e2e.spec.ts" time="0">
<skipped>
</skipped>
</testcase>
<testcase name="시설찾기 페이지 › 맞춤 추천 탭이 정상 작동하는지 확인" classname="facility-search-e2e.spec.ts" time="0">
<skipped>
</skipped>
</testcase>
<testcase name="시설찾기 페이지 › 보기 모드 전환이 정상 작동하는지 확인" classname="facility-search-e2e.spec.ts" time="0">
<skipped>
</skipped>
</testcase>
<testcase name="시설찾기 페이지 › 에러 상태에서 복구가 가능한지 확인" classname="facility-search-e2e.spec.ts" time="0">
<skipped>
</skipped>
</testcase>
<testcase name="시설찾기 페이지 › 키보드 접근성이 올바로 구현되어 있는지 확인" classname="facility-search-e2e.spec.ts" time="0">
<skipped>
</skipped>
</testcase>
<testcase name="시설찾기 페이지 › 응답성 및 모바일 뷰가 올바로 작동하는지 확인" classname="facility-search-e2e.spec.ts" time="0">
<skipped>
</skipped>
</testcase>
<testcase name="시설찾기 페이지 › 성능 및 로딩 시간 확인" classname="facility-search-e2e.spec.ts" time="0">
<skipped>
</skipped>
</testcase>
<testcase name="시설찾기 에러 처리 › useLinearTheme 무한 루프 에러가 해결되었는지 확인" classname="facility-search-e2e.spec.ts" time="0">
<skipped>
</skipped>
</testcase>
<testcase name="시설찾기 에러 처리 › API 에러가 올바로 처리되는지 확인" classname="facility-search-e2e.spec.ts" time="0">
<skipped>
</skipped>
</testcase>
<testcase name="시설찾기 에러 처리 › 네트워크 연결 문제 처리 확인" classname="facility-search-e2e.spec.ts" time="0">
<skipped>
</skipped>
</testcase>
</testsuite>
<testsuite name="facility-search-e2e.spec.ts" timestamp="2025-08-05T08:08:38.680Z" hostname="webkit" tests="12" failures="0" skipped="12" time="0" errors="0">
<testcase name="시설찾기 페이지 › 페이지가 올바로 로드되는지 확인" classname="facility-search-e2e.spec.ts" time="0">
<skipped>
</skipped>
</testcase>
<testcase name="시설찾기 페이지 › 검색 기능이 정상 작동하는지 확인" classname="facility-search-e2e.spec.ts" time="0">
<skipped>
</skipped>
</testcase>
<testcase name="시설찾기 페이지 › 필터 기능이 정상 작동하는지 확인" classname="facility-search-e2e.spec.ts" time="0">
<skipped>
</skipped>
</testcase>
<testcase name="시설찾기 페이지 › 맞춤 추천 탭이 정상 작동하는지 확인" classname="facility-search-e2e.spec.ts" time="0">
<skipped>
</skipped>
</testcase>
<testcase name="시설찾기 페이지 › 보기 모드 전환이 정상 작동하는지 확인" classname="facility-search-e2e.spec.ts" time="0">
<skipped>
</skipped>
</testcase>
<testcase name="시설찾기 페이지 › 에러 상태에서 복구가 가능한지 확인" classname="facility-search-e2e.spec.ts" time="0">
<skipped>
</skipped>
</testcase>
<testcase name="시설찾기 페이지 › 키보드 접근성이 올바로 구현되어 있는지 확인" classname="facility-search-e2e.spec.ts" time="0">
<skipped>
</skipped>
</testcase>
<testcase name="시설찾기 페이지 › 응답성 및 모바일 뷰가 올바로 작동하는지 확인" classname="facility-search-e2e.spec.ts" time="0">
<skipped>
</skipped>
</testcase>
<testcase name="시설찾기 페이지 › 성능 및 로딩 시간 확인" classname="facility-search-e2e.spec.ts" time="0">
<skipped>
</skipped>
</testcase>
<testcase name="시설찾기 에러 처리 › useLinearTheme 무한 루프 에러가 해결되었는지 확인" classname="facility-search-e2e.spec.ts" time="0">
<skipped>
</skipped>
</testcase>
<testcase name="시설찾기 에러 처리 › API 에러가 올바로 처리되는지 확인" classname="facility-search-e2e.spec.ts" time="0">
<skipped>
</skipped>
</testcase>
<testcase name="시설찾기 에러 처리 › 네트워크 연결 문제 처리 확인" classname="facility-search-e2e.spec.ts" time="0">
<skipped>
</skipped>
</testcase>
</testsuite>
<testsuite name="facility-search-e2e.spec.ts" timestamp="2025-08-05T08:08:38.680Z" hostname="Mobile Chrome" tests="12" failures="0" skipped="12" time="0" errors="0">
<testcase name="시설찾기 페이지 › 페이지가 올바로 로드되는지 확인" classname="facility-search-e2e.spec.ts" time="0">
<skipped>
</skipped>
</testcase>
<testcase name="시설찾기 페이지 › 검색 기능이 정상 작동하는지 확인" classname="facility-search-e2e.spec.ts" time="0">
<skipped>
</skipped>
</testcase>
<testcase name="시설찾기 페이지 › 필터 기능이 정상 작동하는지 확인" classname="facility-search-e2e.spec.ts" time="0">
<skipped>
</skipped>
</testcase>
<testcase name="시설찾기 페이지 › 맞춤 추천 탭이 정상 작동하는지 확인" classname="facility-search-e2e.spec.ts" time="0">
<skipped>
</skipped>
</testcase>
<testcase name="시설찾기 페이지 › 보기 모드 전환이 정상 작동하는지 확인" classname="facility-search-e2e.spec.ts" time="0">
<skipped>
</skipped>
</testcase>
<testcase name="시설찾기 페이지 › 에러 상태에서 복구가 가능한지 확인" classname="facility-search-e2e.spec.ts" time="0">
<skipped>
</skipped>
</testcase>
<testcase name="시설찾기 페이지 › 키보드 접근성이 올바로 구현되어 있는지 확인" classname="facility-search-e2e.spec.ts" time="0">
<skipped>
</skipped>
</testcase>
<testcase name="시설찾기 페이지 › 응답성 및 모바일 뷰가 올바로 작동하는지 확인" classname="facility-search-e2e.spec.ts" time="0">
<skipped>
</skipped>
</testcase>
<testcase name="시설찾기 페이지 › 성능 및 로딩 시간 확인" classname="facility-search-e2e.spec.ts" time="0">
<skipped>
</skipped>
</testcase>
<testcase name="시설찾기 에러 처리 › useLinearTheme 무한 루프 에러가 해결되었는지 확인" classname="facility-search-e2e.spec.ts" time="0">
<skipped>
</skipped>
</testcase>
<testcase name="시설찾기 에러 처리 › API 에러가 올바로 처리되는지 확인" classname="facility-search-e2e.spec.ts" time="0">
<skipped>
</skipped>
</testcase>
<testcase name="시설찾기 에러 처리 › 네트워크 연결 문제 처리 확인" classname="facility-search-e2e.spec.ts" time="0">
<skipped>
</skipped>
</testcase>
</testsuite>
<testsuite name="facility-search-e2e.spec.ts" timestamp="2025-08-05T08:08:38.680Z" hostname="Mobile Safari" tests="12" failures="0" skipped="12" time="0" errors="0">
<testcase name="시설찾기 페이지 › 페이지가 올바로 로드되는지 확인" classname="facility-search-e2e.spec.ts" time="0">
<skipped>
</skipped>
</testcase>
<testcase name="시설찾기 페이지 › 검색 기능이 정상 작동하는지 확인" classname="facility-search-e2e.spec.ts" time="0">
<skipped>
</skipped>
</testcase>
<testcase name="시설찾기 페이지 › 필터 기능이 정상 작동하는지 확인" classname="facility-search-e2e.spec.ts" time="0">
<skipped>
</skipped>
</testcase>
<testcase name="시설찾기 페이지 › 맞춤 추천 탭이 정상 작동하는지 확인" classname="facility-search-e2e.spec.ts" time="0">
<skipped>
</skipped>
</testcase>
<testcase name="시설찾기 페이지 › 보기 모드 전환이 정상 작동하는지 확인" classname="facility-search-e2e.spec.ts" time="0">
<skipped>
</skipped>
</testcase>
<testcase name="시설찾기 페이지 › 에러 상태에서 복구가 가능한지 확인" classname="facility-search-e2e.spec.ts" time="0">
<skipped>
</skipped>
</testcase>
<testcase name="시설찾기 페이지 › 키보드 접근성이 올바로 구현되어 있는지 확인" classname="facility-search-e2e.spec.ts" time="0">
<skipped>
</skipped>
</testcase>
<testcase name="시설찾기 페이지 › 응답성 및 모바일 뷰가 올바로 작동하는지 확인" classname="facility-search-e2e.spec.ts" time="0">
<skipped>
</skipped>
</testcase>
<testcase name="시설찾기 페이지 › 성능 및 로딩 시간 확인" classname="facility-search-e2e.spec.ts" time="0">
<skipped>
</skipped>
</testcase>
<testcase name="시설찾기 에러 처리 › useLinearTheme 무한 루프 에러가 해결되었는지 확인" classname="facility-search-e2e.spec.ts" time="0">
<skipped>
</skipped>
</testcase>
<testcase name="시설찾기 에러 처리 › API 에러가 올바로 처리되는지 확인" classname="facility-search-e2e.spec.ts" time="0">
<skipped>
</skipped>
</testcase>
<testcase name="시설찾기 에러 처리 › 네트워크 연결 문제 처리 확인" classname="facility-search-e2e.spec.ts" time="0">
<skipped>
</skipped>
</testcase>
</testsuite>
<testsuite name="facility-search-e2e.spec.ts" timestamp="2025-08-05T08:08:38.680Z" hostname="Tablet" tests="12" failures="0" skipped="12" time="0" errors="0">
<testcase name="시설찾기 페이지 › 페이지가 올바로 로드되는지 확인" classname="facility-search-e2e.spec.ts" time="0">
<skipped>
</skipped>
</testcase>
<testcase name="시설찾기 페이지 › 검색 기능이 정상 작동하는지 확인" classname="facility-search-e2e.spec.ts" time="0">
<skipped>
</skipped>
</testcase>
<testcase name="시설찾기 페이지 › 필터 기능이 정상 작동하는지 확인" classname="facility-search-e2e.spec.ts" time="0">
<skipped>
</skipped>
</testcase>
<testcase name="시설찾기 페이지 › 맞춤 추천 탭이 정상 작동하는지 확인" classname="facility-search-e2e.spec.ts" time="0">
<skipped>
</skipped>
</testcase>
<testcase name="시설찾기 페이지 › 보기 모드 전환이 정상 작동하는지 확인" classname="facility-search-e2e.spec.ts" time="0">
<skipped>
</skipped>
</testcase>
<testcase name="시설찾기 페이지 › 에러 상태에서 복구가 가능한지 확인" classname="facility-search-e2e.spec.ts" time="0">
<skipped>
</skipped>
</testcase>
<testcase name="시설찾기 페이지 › 키보드 접근성이 올바로 구현되어 있는지 확인" classname="facility-search-e2e.spec.ts" time="0">
<skipped>
</skipped>
</testcase>
<testcase name="시설찾기 페이지 › 응답성 및 모바일 뷰가 올바로 작동하는지 확인" classname="facility-search-e2e.spec.ts" time="0">
<skipped>
</skipped>
</testcase>
<testcase name="시설찾기 페이지 › 성능 및 로딩 시간 확인" classname="facility-search-e2e.spec.ts" time="0">
<skipped>
</skipped>
</testcase>
<testcase name="시설찾기 에러 처리 › useLinearTheme 무한 루프 에러가 해결되었는지 확인" classname="facility-search-e2e.spec.ts" time="0">
<skipped>
</skipped>
</testcase>
<testcase name="시설찾기 에러 처리 › API 에러가 올바로 처리되는지 확인" classname="facility-search-e2e.spec.ts" time="0">
<skipped>
</skipped>
</testcase>
<testcase name="시설찾기 에러 처리 › 네트워크 연결 문제 처리 확인" classname="facility-search-e2e.spec.ts" time="0">
<skipped>
</skipped>
</testcase>
</testsuite>
<testsuite name="facility-search-e2e.spec.ts" timestamp="2025-08-05T08:08:38.680Z" hostname="High Contrast" tests="12" failures="0" skipped="12" time="0" errors="0">
<testcase name="시설찾기 페이지 › 페이지가 올바로 로드되는지 확인" classname="facility-search-e2e.spec.ts" time="0">
<skipped>
</skipped>
</testcase>
<testcase name="시설찾기 페이지 › 검색 기능이 정상 작동하는지 확인" classname="facility-search-e2e.spec.ts" time="0">
<skipped>
</skipped>
</testcase>
<testcase name="시설찾기 페이지 › 필터 기능이 정상 작동하는지 확인" classname="facility-search-e2e.spec.ts" time="0">
<skipped>
</skipped>
</testcase>
<testcase name="시설찾기 페이지 › 맞춤 추천 탭이 정상 작동하는지 확인" classname="facility-search-e2e.spec.ts" time="0">
<skipped>
</skipped>
</testcase>
<testcase name="시설찾기 페이지 › 보기 모드 전환이 정상 작동하는지 확인" classname="facility-search-e2e.spec.ts" time="0">
<skipped>
</skipped>
</testcase>
<testcase name="시설찾기 페이지 › 에러 상태에서 복구가 가능한지 확인" classname="facility-search-e2e.spec.ts" time="0">
<skipped>
</skipped>
</testcase>
<testcase name="시설찾기 페이지 › 키보드 접근성이 올바로 구현되어 있는지 확인" classname="facility-search-e2e.spec.ts" time="0">
<skipped>
</skipped>
</testcase>
<testcase name="시설찾기 페이지 › 응답성 및 모바일 뷰가 올바로 작동하는지 확인" classname="facility-search-e2e.spec.ts" time="0">
<skipped>
</skipped>
</testcase>
<testcase name="시설찾기 페이지 › 성능 및 로딩 시간 확인" classname="facility-search-e2e.spec.ts" time="0">
<skipped>
</skipped>
</testcase>
<testcase name="시설찾기 에러 처리 › useLinearTheme 무한 루프 에러가 해결되었는지 확인" classname="facility-search-e2e.spec.ts" time="0">
<skipped>
</skipped>
</testcase>
<testcase name="시설찾기 에러 처리 › API 에러가 올바로 처리되는지 확인" classname="facility-search-e2e.spec.ts" time="0">
<skipped>
</skipped>
</testcase>
<testcase name="시설찾기 에러 처리 › 네트워크 연결 문제 처리 확인" classname="facility-search-e2e.spec.ts" time="0">
<skipped>
</skipped>
</testcase>
</testsuite>
<testsuite name="facility-search-e2e.spec.ts" timestamp="2025-08-05T08:08:38.680Z" hostname="Dark Mode" tests="12" failures="0" skipped="12" time="0" errors="0">
<testcase name="시설찾기 페이지 › 페이지가 올바로 로드되는지 확인" classname="facility-search-e2e.spec.ts" time="0">
<skipped>
</skipped>
</testcase>
<testcase name="시설찾기 페이지 › 검색 기능이 정상 작동하는지 확인" classname="facility-search-e2e.spec.ts" time="0">
<skipped>
</skipped>
</testcase>
<testcase name="시설찾기 페이지 › 필터 기능이 정상 작동하는지 확인" classname="facility-search-e2e.spec.ts" time="0">
<skipped>
</skipped>
</testcase>
<testcase name="시설찾기 페이지 › 맞춤 추천 탭이 정상 작동하는지 확인" classname="facility-search-e2e.spec.ts" time="0">
<skipped>
</skipped>
</testcase>
<testcase name="시설찾기 페이지 › 보기 모드 전환이 정상 작동하는지 확인" classname="facility-search-e2e.spec.ts" time="0">
<skipped>
</skipped>
</testcase>
<testcase name="시설찾기 페이지 › 에러 상태에서 복구가 가능한지 확인" classname="facility-search-e2e.spec.ts" time="0">
<skipped>
</skipped>
</testcase>
<testcase name="시설찾기 페이지 › 키보드 접근성이 올바로 구현되어 있는지 확인" classname="facility-search-e2e.spec.ts" time="0">
<skipped>
</skipped>
</testcase>
<testcase name="시설찾기 페이지 › 응답성 및 모바일 뷰가 올바로 작동하는지 확인" classname="facility-search-e2e.spec.ts" time="0">
<skipped>
</skipped>
</testcase>
<testcase name="시설찾기 페이지 › 성능 및 로딩 시간 확인" classname="facility-search-e2e.spec.ts" time="0">
<skipped>
</skipped>
</testcase>
<testcase name="시설찾기 에러 처리 › useLinearTheme 무한 루프 에러가 해결되었는지 확인" classname="facility-search-e2e.spec.ts" time="0">
<skipped>
</skipped>
</testcase>
<testcase name="시설찾기 에러 처리 › API 에러가 올바로 처리되는지 확인" classname="facility-search-e2e.spec.ts" time="0">
<skipped>
</skipped>
</testcase>
<testcase name="시설찾기 에러 처리 › 네트워크 연결 문제 처리 확인" classname="facility-search-e2e.spec.ts" time="0">
<skipped>
</skipped>
</testcase>
</testsuite>
</testsuites>